<?xml version="1.0" encoding="UTF-8"?>
<!-- Generated by org.testng.reporters.JUnitReportReporter -->
<testsuite hostname="DESKTOP-OCKNQPC" failures="0" tests="1" name="driverFactory.AppTest" time="32.196" errors="0" timestamp="2023-07-19T07:58:51 IST" skipped="0">
  <testcase classname="driverFactory.AppTest" name="kickStart" time="32.196"/>
  <system-out/>
</testsuite> <!-- driverFactory.AppTest -->
